c:\users\yomna abd-elbaset\source\repos\project2\project2\debug\vc142.pdb
c:\users\yomna abd-elbaset\source\repos\project2\project2\debug\vc142.idb
c:\users\yomna abd-elbaset\source\repos\project2\project2\debug\play.obj
c:\users\yomna abd-elbaset\source\repos\project2\project2\debug\main.obj
c:\users\yomna abd-elbaset\source\repos\project2\project2\debug\init.obj
c:\users\yomna abd-elbaset\source\repos\project2\project2\debug\game.obj
c:\users\yomna abd-elbaset\source\repos\project2\project2\debug\callback.obj
c:\users\yomna abd-elbaset\source\repos\project2\project2\debug\declarations.obj
c:\users\yomna abd-elbaset\source\repos\project2\debug\project2.ilk
c:\users\yomna abd-elbaset\source\repos\project2\debug\project2.exe
c:\users\yomna abd-elbaset\source\repos\project2\debug\project2.pdb
c:\users\yomna abd-elbaset\source\repos\project2\project2\debug\vcpkg.applocal.log
c:\users\yomna abd-elbaset\source\repos\project2\debug\freeglutd.dll
c:\users\yomna abd-elbaset\source\repos\project2\project2\debug\project2.tlog\cl.command.1.tlog
c:\users\yomna abd-elbaset\source\repos\project2\project2\debug\project2.tlog\cl.read.1.tlog
c:\users\yomna abd-elbaset\source\repos\project2\project2\debug\project2.tlog\cl.write.1.tlog
c:\users\yomna abd-elbaset\source\repos\project2\project2\debug\project2.tlog\link.command.1.tlog
c:\users\yomna abd-elbaset\source\repos\project2\project2\debug\project2.tlog\link.read.1.tlog
c:\users\yomna abd-elbaset\source\repos\project2\project2\debug\project2.tlog\link.write.1.tlog
c:\users\yomna abd-elbaset\source\repos\project2\project2\debug\project2.tlog\project2.write.1u.tlog
